"../../../Engine/Content/Animation/DefaultAnimBoneCompressionSettings.uasset" 0
"../../../../../GeekBrainsUE4/LitvinovMythicHeroes/Content/Download/AnimStarterPack/UE4_Mannequin/Mesh/MainSkeleton.uasset" 1
"../../../../../GeekBrainsUE4/LitvinovMythicHeroes/Content/Download/AnimStarterPack/Aim_Space_Hip.uasset" 2
"../../../../../GeekBrainsUE4/LitvinovMythicHeroes/Content/Download/AnimStarterPack/Aim_Space_Ironsights.uasset" 3
"../../../../../GeekBrainsUE4/LitvinovMythicHeroes/Content/Download/AnimStarterPack/Crouch_to_Stand_Rifle_Hip.uasset" 4
"../../../../../GeekBrainsUE4/LitvinovMythicHeroes/Content/Download/AnimStarterPack/Crouch_to_Stand_Rifle_Ironsights.uasset" 5
"../../../../../GeekBrainsUE4/LitvinovMythicHeroes/Content/Download/AnimStarterPack/Crouch_Walk_Bwd_Rifle_Ironsights.uasset" 6
"../../../../../GeekBrainsUE4/LitvinovMythicHeroes/Content/Download/AnimStarterPack/Crouch_Walk_Lt_Rifle_Ironsights.uasset" 7
"../../../../../GeekBrainsUE4/LitvinovMythicHeroes/Content/Download/AnimStarterPack/Crouch_Walk_Rt_Rifle_Ironsights.uasset" 8
"../../../../../GeekBrainsUE4/LitvinovMythicHeroes/Content/Download/AnimStarterPack/Death_1.uasset" 9
"../../../../../GeekBrainsUE4/LitvinovMythicHeroes/Content/Download/AnimStarterPack/Death_2.uasset" 10
"../../../../../GeekBrainsUE4/LitvinovMythicHeroes/Content/Download/AnimStarterPack/Death_3.uasset" 11
"../../../../../GeekBrainsUE4/LitvinovMythicHeroes/Content/Download/AnimStarterPack/Death_Ironsights_1.uasset" 12
"../../../../../GeekBrainsUE4/LitvinovMythicHeroes/Content/Download/AnimStarterPack/Death_Ironsights_2.uasset" 13
"../../../../../GeekBrainsUE4/LitvinovMythicHeroes/Content/Download/AnimStarterPack/Equip_Rifle_Standing.uasset" 14
"../../../../../GeekBrainsUE4/LitvinovMythicHeroes/Content/Download/AnimStarterPack/Fire_Rifle_Hip.uasset" 15
"../../../../../GeekBrainsUE4/LitvinovMythicHeroes/Content/Download/AnimStarterPack/Fire_Shotgun_Hip.uasset" 16
"../../../../../GeekBrainsUE4/LitvinovMythicHeroes/Content/Download/AnimStarterPack/Fire_Shotgun_Ironsights.uasset" 17
"../../../../../GeekBrainsUE4/LitvinovMythicHeroes/Content/Download/AnimStarterPack/Hit_React_4.uasset" 18
"../../../../../GeekBrainsUE4/LitvinovMythicHeroes/Content/Download/AnimStarterPack/Idle_Pistol.uasset" 19
"../../../../../GeekBrainsUE4/LitvinovMythicHeroes/Content/Download/AnimStarterPack/Idle_Rifle_Ironsights.uasset" 20
"../../../../../GeekBrainsUE4/LitvinovMythicHeroes/Content/Download/AnimStarterPack/Jump_From_Stand_Ironsights.uasset" 21
"../../../../../GeekBrainsUE4/LitvinovMythicHeroes/Content/Download/AnimStarterPack/Prone_Death_1.uasset" 22
"../../../../../GeekBrainsUE4/LitvinovMythicHeroes/Content/Download/AnimStarterPack/Prone_Death_2.uasset" 23
"../../../../../GeekBrainsUE4/LitvinovMythicHeroes/Content/Download/AnimStarterPack/Prone_Fire_1.uasset" 24
"../../../../../GeekBrainsUE4/LitvinovMythicHeroes/Content/Download/AnimStarterPack/Prone_Fire_2.uasset" 25
"../../../../../GeekBrainsUE4/LitvinovMythicHeroes/Content/Download/AnimStarterPack/Prone_Idle.uasset" 26
"../../../../../GeekBrainsUE4/LitvinovMythicHeroes/Content/Download/AnimStarterPack/Prone_Reload_Rifle.uasset" 27
"../../../../../GeekBrainsUE4/LitvinovMythicHeroes/Content/Download/AnimStarterPack/Prone_Reload_Shotgun.uasset" 28
"../../../../../GeekBrainsUE4/LitvinovMythicHeroes/Content/Download/AnimStarterPack/Prone_To_Stand.uasset" 29
"../../../../../GeekBrainsUE4/LitvinovMythicHeroes/Content/Download/AnimStarterPack/Reload_Pistol.uasset" 30
"../../../../../GeekBrainsUE4/LitvinovMythicHeroes/Content/Download/AnimStarterPack/Reload_Rifle_Ironsights.uasset" 31
"../../../../../GeekBrainsUE4/LitvinovMythicHeroes/Content/Download/AnimStarterPack/Reload_Shotgun_Hip.uasset" 32
"../../../../../GeekBrainsUE4/LitvinovMythicHeroes/Content/Download/AnimStarterPack/Reload_Shotgun_Ironsights.uasset" 33
"../../../../../GeekBrainsUE4/LitvinovMythicHeroes/Content/Download/AnimStarterPack/Sprint_Fwd_Rifle.uasset" 34
"../../../../../GeekBrainsUE4/LitvinovMythicHeroes/Content/Download/AnimStarterPack/Stand_to_Crouch_Rifle_Hip.uasset" 35
"../../../../../GeekBrainsUE4/LitvinovMythicHeroes/Content/Download/AnimStarterPack/Stand_to_Crouch_Rifle_Ironsights.uasset" 36
"../../../../../GeekBrainsUE4/LitvinovMythicHeroes/Content/Download/AnimStarterPack/Stand_To_Prone.uasset" 37
"../../../../../GeekBrainsUE4/LitvinovMythicHeroes/Content/Download/AnimStarterPack/Walk_Bwd_Rifle_Ironsights.uasset" 38
"../../../../../GeekBrainsUE4/LitvinovMythicHeroes/Content/Download/AnimStarterPack/Walk_Lt_Rifle_Ironsights.uasset" 39
"../../../../../GeekBrainsUE4/LitvinovMythicHeroes/Content/Download/AnimStarterPack/Walk_Rt_Rifle_Ironsights.uasset" 40
"../../../../../GeekBrainsUE4/LitvinovMythicHeroes/Content/Download/Mannequin/Character/Mesh/SK_Skeleton.uasset" 41
"../../../../../GeekBrainsUE4/LitvinovMythicHeroes/Content/Download/Mannequin/Animations/ThirdPersonJump_End.uasset" 42
"../../../../../GeekBrainsUE4/LitvinovMythicHeroes/Content/Download/Mannequin/Animations/ThirdPerson_Jump.uasset" 43
"../../../../../GeekBrainsUE4/LitvinovMythicHeroes/Content/Download/Mannequin/Animations/ThirdPersonJump_Loop.uasset" 44
"../../../../../GeekBrainsUE4/LitvinovMythicHeroes/Content/Download/Mannequin/Animations/ThirdPersonJump_Start.uasset" 45
"../../../../../GeekBrainsUE4/LitvinovMythicHeroes/Content/Download/Mannequin/Animations/ThirdPersonIdle.uasset" 46
"../../../../../GeekBrainsUE4/LitvinovMythicHeroes/Content/Download/Mannequin/Animations/ThirdPersonRun.uasset" 47
"../../../../../GeekBrainsUE4/LitvinovMythicHeroes/Content/Download/Mannequin/Animations/ThirdPersonWalk.uasset" 48
"../../../../../GeekBrainsUE4/LitvinovMythicHeroes/Content/Download/Mannequin/Animations/ThirdPerson_IdleRun_2D.uasset" 49
"../../../Engine/Content/EditorBlueprintResources/StandardMacros.uasset" 50
"../../../../../GeekBrainsUE4/LitvinovMythicHeroes/Content/Download/Mannequin/Animations/ThirdPerson_AnimBP.uasset" 51
"../../../Engine/Content/Functions/Engine_MaterialFunctions02/Utility/BlendAngleCorrectedNormals.uasset" 52
"../../../Engine/Content/Functions/MaterialLayerFunctions/MatLayerBlend_NormalBlend.uasset" 53
"../../../Engine/Content/Functions/MaterialLayerFunctions/MatLayerBlend_Simple.uasset" 54
"../../../../../GeekBrainsUE4/LitvinovMythicHeroes/Content/Download/Mannequin/Character/Materials/MaterialLayers/T_ML_Rubber_Blue_01_D.uasset" 55
"../../../../../GeekBrainsUE4/LitvinovMythicHeroes/Content/Download/Mannequin/Character/Materials/MaterialLayers/T_ML_Rubber_Blue_01_N.uasset" 56
"../../../../../GeekBrainsUE4/LitvinovMythicHeroes/Content/Download/Mannequin/Character/Materials/MaterialLayers/ML_GlossyBlack_Latex_UE4.uasset" 57
"../../../../../GeekBrainsUE4/LitvinovMythicHeroes/Content/Download/Mannequin/Character/Materials/MaterialLayers/ML_Plastic_Shiny_Beige.uasset" 58
"../../../../../GeekBrainsUE4/LitvinovMythicHeroes/Content/Download/Mannequin/Character/Textures/UE4_LOGO_CARD.uasset" 59
"../../../../../GeekBrainsUE4/LitvinovMythicHeroes/Content/Download/Mannequin/Character/Materials/MaterialLayers/ML_Plastic_Shiny_Beige_LOGO.uasset" 60
"../../../../../GeekBrainsUE4/LitvinovMythicHeroes/Content/Download/Mannequin/Character/Materials/MaterialLayers/T_ML_Aluminum01.uasset" 61
"../../../../../GeekBrainsUE4/LitvinovMythicHeroes/Content/Download/Mannequin/Character/Materials/MaterialLayers/T_ML_Aluminum01_N.uasset" 62
"../../../../../GeekBrainsUE4/LitvinovMythicHeroes/Content/Download/Mannequin/Character/Materials/MaterialLayers/ML_SoftMetal_UE4.uasset" 63
"../../../../../GeekBrainsUE4/LitvinovMythicHeroes/Content/Download/Mannequin/Character/Textures/UE4_Mannequin__normals.uasset" 64
"../../../../../GeekBrainsUE4/LitvinovMythicHeroes/Content/Download/Mannequin/Character/Textures/UE4_Mannequin_MAT_MASKA.uasset" 65
"../../../../../GeekBrainsUE4/LitvinovMythicHeroes/Content/Download/Mannequin/Character/Materials/M_UE4Man_Body.uasset" 66
"../../../../../GeekBrainsUE4/LitvinovMythicHeroes/Content/Download/Mannequin/Character/Textures/UE4Man_Logo_N.uasset" 67
"../../../../../GeekBrainsUE4/LitvinovMythicHeroes/Content/Download/Mannequin/Character/Materials/M_UE4Man_ChestLogo.uasset" 68
"../../../../../GeekBrainsUE4/LitvinovMythicHeroes/Content/Download/Mannequin/Character/Mesh/SK_Mannequin_PhysicsAsset.uasset" 69
"../../../../../GeekBrainsUE4/LitvinovMythicHeroes/Content/Download/Mannequin/Character/Mesh/SK_Mannequin.uasset" 70
"../../../../../GeekBrainsUE4/LitvinovMythicHeroes/Content/Download/StarterContent/Materials/M_AssetPlatform.uasset" 71
"../../../../../GeekBrainsUE4/LitvinovMythicHeroes/Content/Download/StarterContent/Materials/M_Basic_Floor.uasset" 72
"../../../../../GeekBrainsUE4/LitvinovMythicHeroes/Content/Download/StarterContent/Materials/M_Basic_Wall.uasset" 73
"../../../../../GeekBrainsUE4/LitvinovMythicHeroes/Content/Download/StarterContent/Textures/T_Brick_Clay_New_D.uasset" 74
"../../../../../GeekBrainsUE4/LitvinovMythicHeroes/Content/Download/StarterContent/Textures/T_Brick_Clay_New_M.uasset" 75
"../../../../../GeekBrainsUE4/LitvinovMythicHeroes/Content/Download/StarterContent/Textures/T_Brick_Clay_New_N.uasset" 76
"../../../../../GeekBrainsUE4/LitvinovMythicHeroes/Content/Download/StarterContent/Textures/T_Detail_Rocky_N.uasset" 77
"../../../../../GeekBrainsUE4/LitvinovMythicHeroes/Content/Download/StarterContent/Textures/T_MacroVariation.uasset" 78
"../../../../../GeekBrainsUE4/LitvinovMythicHeroes/Content/Download/StarterContent/Materials/M_Brick_Clay_New.uasset" 79
"../../../../../GeekBrainsUE4/LitvinovMythicHeroes/Content/Download/StarterContent/Textures/T_Ceramic_Tile_M.uasset" 80
"../../../../../GeekBrainsUE4/LitvinovMythicHeroes/Content/Download/StarterContent/Textures/T_Ceramic_Tile_N.uasset" 81
"../../../../../GeekBrainsUE4/LitvinovMythicHeroes/Content/Download/StarterContent/Textures/T_Perlin_Noise_M.uasset" 82
"../../../../../GeekBrainsUE4/LitvinovMythicHeroes/Content/Download/StarterContent/Textures/T_Rock_Marble_Polished_D.uasset" 83
"../../../../../GeekBrainsUE4/LitvinovMythicHeroes/Content/Download/StarterContent/Materials/M_Ceramic_Tile_Checker.uasset" 84
"../../../../../GeekBrainsUE4/LitvinovMythicHeroes/Content/Download/StarterContent/Textures/T_CobbleStone_Pebble_D.uasset" 85
"../../../../../GeekBrainsUE4/LitvinovMythicHeroes/Content/Download/StarterContent/Textures/T_CobbleStone_Pebble_M.uasset" 86
"../../../../../GeekBrainsUE4/LitvinovMythicHeroes/Content/Download/StarterContent/Textures/T_CobbleStone_Pebble_N.uasset" 87
"../../../../../GeekBrainsUE4/LitvinovMythicHeroes/Content/Download/StarterContent/Materials/M_CobbleStone_Pebble.uasset" 88
"../../../../../GeekBrainsUE4/LitvinovMythicHeroes/Content/Download/StarterContent/Textures/T_CobbleStone_Rough_D.uasset" 89
"../../../../../GeekBrainsUE4/LitvinovMythicHeroes/Content/Download/StarterContent/Textures/T_CobbleStone_Rough_N.uasset" 90
"../../../../../GeekBrainsUE4/LitvinovMythicHeroes/Content/Download/StarterContent/Textures/T_Gradinet_01.uasset" 91
"../../../../../GeekBrainsUE4/LitvinovMythicHeroes/Content/Download/StarterContent/Textures/T_Rock_Smooth_Granite_D.uasset" 92
"../../../../../GeekBrainsUE4/LitvinovMythicHeroes/Content/Download/StarterContent/Materials/M_CobbleStone_Rough.uasset" 93
"../../../../../GeekBrainsUE4/LitvinovMythicHeroes/Content/Download/StarterContent/Textures/T_CobbleStone_Smooth_D.uasset" 94
"../../../../../GeekBrainsUE4/LitvinovMythicHeroes/Content/Download/StarterContent/Textures/T_CobbleStone_Smooth_M.uasset" 95
"../../../../../GeekBrainsUE4/LitvinovMythicHeroes/Content/Download/StarterContent/Textures/T_CobbleStone_Smooth_N.uasset" 96
"../../../../../GeekBrainsUE4/LitvinovMythicHeroes/Content/Download/StarterContent/Materials/M_CobbleStone_Smooth.uasset" 97
"../../../Engine/Content/EditorMeshes/ColorCalibrator/T_ColorGrid.uasset" 98
"../../../../../GeekBrainsUE4/LitvinovMythicHeroes/Content/Download/StarterContent/Materials/M_ColorGrid_LowSpec.uasset" 99
"../../../../../GeekBrainsUE4/LitvinovMythicHeroes/Content/Download/StarterContent/Textures/T_Concrete_Grime_D.uasset" 100
"../../../../../GeekBrainsUE4/LitvinovMythicHeroes/Content/Download/StarterContent/Textures/T_Metal_Rust_N.uasset" 101
"../../../../../GeekBrainsUE4/LitvinovMythicHeroes/Content/Download/StarterContent/Materials/M_Concrete_Grime.uasset" 102
"../../../../../GeekBrainsUE4/LitvinovMythicHeroes/Content/Download/StarterContent/Textures/T_Concrete_Panels_D.uasset" 103
"../../../../../GeekBrainsUE4/LitvinovMythicHeroes/Content/Download/StarterContent/Textures/T_Concrete_Panels_N.uasset" 104
"../../../../../GeekBrainsUE4/LitvinovMythicHeroes/Content/Download/StarterContent/Materials/M_Concrete_Panels.uasset" 105
"../../../../../GeekBrainsUE4/LitvinovMythicHeroes/Content/Download/StarterContent/Textures/T_Concrete_Poured_D.uasset" 106
"../../../../../GeekBrainsUE4/LitvinovMythicHeroes/Content/Download/StarterContent/Textures/T_Concrete_Poured_N.uasset" 107
"../../../../../GeekBrainsUE4/LitvinovMythicHeroes/Content/Download/StarterContent/Materials/M_Concrete_Poured.uasset" 108
"../../../Engine/Content/Functions/Engine_MaterialFunctions01/Opacity/CameraDepthFade.uasset" 109
"../../../../../GeekBrainsUE4/LitvinovMythicHeroes/Content/Download/StarterContent/Textures/T_Concrete_Tiles_D.uasset" 110
"../../../../../GeekBrainsUE4/LitvinovMythicHeroes/Content/Download/StarterContent/Textures/T_Concrete_Tiles_M.uasset" 111
"../../../../../GeekBrainsUE4/LitvinovMythicHeroes/Content/Download/StarterContent/Textures/T_Concrete_Tiles_N.uasset" 112
"../../../../../GeekBrainsUE4/LitvinovMythicHeroes/Content/Download/StarterContent/Textures/T_Concrete_Tiles_Variation_M.uasset" 113
"../../../../../GeekBrainsUE4/LitvinovMythicHeroes/Content/Download/StarterContent/Materials/M_Concrete_Tiles.uasset" 114
"../../../../../GeekBrainsUE4/LitvinovMythicHeroes/Content/Download/StarterContent/Materials/M_Glass.uasset" 115
"../../../../../GeekBrainsUE4/LitvinovMythicHeroes/Content/Download/StarterContent/Textures/T_Ground_Gravel_D.uasset" 116
"../../../../../GeekBrainsUE4/LitvinovMythicHeroes/Content/Download/StarterContent/Textures/T_Ground_Gravel_N.uasset" 117
"../../../../../GeekBrainsUE4/LitvinovMythicHeroes/Content/Download/StarterContent/Materials/M_Ground_Gravel.uasset" 118
"../../../../../GeekBrainsUE4/LitvinovMythicHeroes/Content/Download/StarterContent/Textures/T_ground_Moss_D.uasset" 119
"../../../../../GeekBrainsUE4/LitvinovMythicHeroes/Content/Download/StarterContent/Textures/T_Ground_Moss_N.uasset" 120
"../../../../../GeekBrainsUE4/LitvinovMythicHeroes/Content/Download/StarterContent/Materials/M_Ground_Moss.uasset" 121
"../../../../../GeekBrainsUE4/LitvinovMythicHeroes/Content/Download/StarterContent/Materials/M_Metal_Brushed_Nickel.uasset" 122
"../../../../../GeekBrainsUE4/LitvinovMythicHeroes/Content/Download/StarterContent/Materials/M_Metal_Chrome.uasset" 123
"../../../../../GeekBrainsUE4/LitvinovMythicHeroes/Content/Download/StarterContent/Textures/T_Metal_Gold_D.uasset" 124
"../../../../../GeekBrainsUE4/LitvinovMythicHeroes/Content/Download/StarterContent/Textures/T_Metal_Gold_N.uasset" 125
"../../../../../GeekBrainsUE4/LitvinovMythicHeroes/Content/Download/StarterContent/Materials/M_Metal_Gold.uasset" 126
"../../../../../GeekBrainsUE4/LitvinovMythicHeroes/Content/Download/StarterContent/Textures/T_Rock_Basalt_D.uasset" 127
"../../../../../GeekBrainsUE4/LitvinovMythicHeroes/Content/Download/StarterContent/Textures/T_Rock_Basalt_N.uasset" 128
"../../../../../GeekBrainsUE4/LitvinovMythicHeroes/Content/Download/StarterContent/Materials/M_Rock_Basalt.uasset" 129
"../../../../../GeekBrainsUE4/LitvinovMythicHeroes/Content/Download/StarterContent/Materials/M_Rock_Marble_Polished.uasset" 130
"../../../../../GeekBrainsUE4/LitvinovMythicHeroes/Content/Download/StarterContent/Textures/T_Checker_Noise_M.uasset" 131
"../../../../../GeekBrainsUE4/LitvinovMythicHeroes/Content/Download/StarterContent/Textures/T_Single_Tile_N.uasset" 132
"../../../../../GeekBrainsUE4/LitvinovMythicHeroes/Content/Download/StarterContent/Textures/T_Tech_Dot_M.uasset" 133
"../../../../../GeekBrainsUE4/LitvinovMythicHeroes/Content/Download/StarterContent/Textures/T_Tech_Dot_N.uasset" 134
"../../../../../GeekBrainsUE4/LitvinovMythicHeroes/Content/Download/StarterContent/Materials/M_Tech_Checker_Dot.uasset" 135
"../../../../../GeekBrainsUE4/LitvinovMythicHeroes/Content/Download/StarterContent/Textures/T_Tech_Hex_Tile_M.uasset" 136
"../../../../../GeekBrainsUE4/LitvinovMythicHeroes/Content/Download/StarterContent/Textures/T_Tech_Hex_Tile_N.uasset" 137
"../../../../../GeekBrainsUE4/LitvinovMythicHeroes/Content/Download/StarterContent/Materials/M_Tech_Hex_Tile_Pulse.uasset" 138
"../../../../../GeekBrainsUE4/LitvinovMythicHeroes/Content/Download/StarterContent/Textures/T_Metal_Steel_D.uasset" 139
"../../../../../GeekBrainsUE4/LitvinovMythicHeroes/Content/Download/StarterContent/Textures/T_Tech_Panel_M.uasset" 140
"../../../../../GeekBrainsUE4/LitvinovMythicHeroes/Content/Download/StarterContent/Textures/T_Tech_Panel_N.uasset" 141
"../../../../../GeekBrainsUE4/LitvinovMythicHeroes/Content/Download/StarterContent/Materials/M_Tech_Panel.uasset" 142
"../../../../../GeekBrainsUE4/LitvinovMythicHeroes/Content/Download/StarterContent/Textures/T_Water_N.uasset" 143
"../../../../../GeekBrainsUE4/LitvinovMythicHeroes/Content/Download/StarterContent/Materials/M_Water_Lake.uasset" 144
"../../../../../GeekBrainsUE4/LitvinovMythicHeroes/Content/Download/StarterContent/Textures/T_Wood_Oak_D.uasset" 145
"../../../../../GeekBrainsUE4/LitvinovMythicHeroes/Content/Download/StarterContent/Textures/T_Wood_Oak_N.uasset" 146
"../../../../../GeekBrainsUE4/LitvinovMythicHeroes/Content/Download/StarterContent/Materials/M_Wood_Oak.uasset" 147
"../../../../../GeekBrainsUE4/LitvinovMythicHeroes/Content/Download/StarterContent/Textures/T_Wood_Pine_D.uasset" 148
"../../../../../GeekBrainsUE4/LitvinovMythicHeroes/Content/Download/StarterContent/Textures/T_Wood_Pine_N.uasset" 149
"../../../../../GeekBrainsUE4/LitvinovMythicHeroes/Content/Download/StarterContent/Materials/M_Wood_Pine.uasset" 150
"../../../../../GeekBrainsUE4/LitvinovMythicHeroes/Content/Download/StarterContent/Textures/T_Burst_M.uasset" 151
"../../../../../GeekBrainsUE4/LitvinovMythicHeroes/Content/Download/StarterContent/Textures/T_Bush_D.uasset" 152
"../../../../../GeekBrainsUE4/LitvinovMythicHeroes/Content/Download/StarterContent/Textures/T_Bush_N.uasset" 153
"../../../../../GeekBrainsUE4/LitvinovMythicHeroes/Content/Download/StarterContent/Textures/T_Chair_M.uasset" 154
"../../../../../GeekBrainsUE4/LitvinovMythicHeroes/Content/Download/StarterContent/Textures/T_Chair_N.uasset" 155
"../../../../../GeekBrainsUE4/LitvinovMythicHeroes/Content/Download/StarterContent/Textures/T_Door_M.uasset" 156
"../../../../../GeekBrainsUE4/LitvinovMythicHeroes/Content/Download/StarterContent/Textures/T_Door_N.uasset" 157
"../../../../../GeekBrainsUE4/LitvinovMythicHeroes/Content/Download/StarterContent/Textures/T_Dust_Particle_D.uasset" 158
"../../../../../GeekBrainsUE4/LitvinovMythicHeroes/Content/Download/StarterContent/Textures/T_Explosion_SubUV.uasset" 159
"../../../../../GeekBrainsUE4/LitvinovMythicHeroes/Content/Download/StarterContent/Textures/T_Fire_SubUV.uasset" 160
"../../../../../GeekBrainsUE4/LitvinovMythicHeroes/Content/Download/StarterContent/Textures/T_Fire_Tiled_D.uasset" 161
"../../../../../GeekBrainsUE4/LitvinovMythicHeroes/Content/Download/StarterContent/Textures/T_Frame_M.uasset" 162
"../../../../../GeekBrainsUE4/LitvinovMythicHeroes/Content/Download/StarterContent/Textures/T_Frame_N.uasset" 163
"../../../../../GeekBrainsUE4/LitvinovMythicHeroes/Content/Download/StarterContent/Textures/T_Lamp_M.uasset" 164
"../../../../../GeekBrainsUE4/LitvinovMythicHeroes/Content/Download/StarterContent/Textures/T_Lamp_N.uasset" 165
"../../../../../GeekBrainsUE4/LitvinovMythicHeroes/Content/Download/StarterContent/Textures/T_RockMesh_M.uasset" 166
"../../../../../GeekBrainsUE4/LitvinovMythicHeroes/Content/Download/StarterContent/Textures/T_RockMesh_N.uasset" 167
"../../../../../GeekBrainsUE4/LitvinovMythicHeroes/Content/Download/StarterContent/Textures/T_Shelf_M.uasset" 168
"../../../../../GeekBrainsUE4/LitvinovMythicHeroes/Content/Download/StarterContent/Textures/T_Shelf_N.uasset" 169
"../../../../../GeekBrainsUE4/LitvinovMythicHeroes/Content/Download/StarterContent/Textures/T_Smoke_SubUV.uasset" 170
"../../../../../GeekBrainsUE4/LitvinovMythicHeroes/Content/Download/StarterContent/Textures/T_Smoke_Tiled_D.uasset" 171
"../../../../../GeekBrainsUE4/LitvinovMythicHeroes/Content/Download/StarterContent/Textures/T_Spark_Core.uasset" 172
"../../../../../GeekBrainsUE4/LitvinovMythicHeroes/Content/Download/StarterContent/Textures/T_Statue_M.uasset" 173
"../../../../../GeekBrainsUE4/LitvinovMythicHeroes/Content/Download/StarterContent/Textures/T_Statue_N.uasset" 174
"../../../../../GeekBrainsUE4/LitvinovMythicHeroes/Content/Download/StarterContent/Textures/T_TableRound_M.uasset" 175
"../../../../../GeekBrainsUE4/LitvinovMythicHeroes/Content/Download/StarterContent/Textures/T_TableRound_N.uasset" 176
"../../../../../GeekBrainsUE4/LitvinovMythicHeroes/Content/Litvinov/Animation/Archer/Idle_Archer.uasset" 177
"../../../../../GeekBrainsUE4/LitvinovMythicHeroes/Content/Litvinov/Animation/Archer/Idle_Archer_Montage.uasset" 178
"../../../../../GeekBrainsUE4/LitvinovMythicHeroes/Content/Litvinov/Animation/Axeman/AxemanIdle.uasset" 179
"../../../../../GeekBrainsUE4/LitvinovMythicHeroes/Content/Litvinov/Animation/Axeman/AxemanIdle_Montage.uasset" 180
"../../../../../GeekBrainsUE4/LitvinovMythicHeroes/Content/Litvinov/Animation/Spearman/Idle_Spearman.uasset" 181
"../../../../../GeekBrainsUE4/LitvinovMythicHeroes/Content/Litvinov/Animation/Spearman/Idle_Spearman_Montage.uasset" 182
"../../../../../GeekBrainsUE4/LitvinovMythicHeroes/Content/Litvinov/Animation/Swordsman/Idle_Swordsman.uasset" 183
"../../../../../GeekBrainsUE4/LitvinovMythicHeroes/Content/Litvinov/Animation/Swordsman/Idle_Swordsman_M.uasset" 184
"../../../../../GeekBrainsUE4/LitvinovMythicHeroes/Content/Litvinov/Characters/Cyclope/Cyclope_SK_Anim.uasset" 185
"../../../../../GeekBrainsUE4/LitvinovMythicHeroes/Content/Litvinov/Characters/StatusAC.uasset" 186
"../../../Engine/Content/EngineSky/C_Sky_Cloud_Color.uasset" 187
"../../../Engine/Content/EngineSky/C_Sky_Horizon_Color.uasset" 188
"../../../Engine/Content/EngineSky/C_Sky_Zenith_Color.uasset" 189
"../../../Engine/Content/EngineSky/T_Sky_Blue.uasset" 190
"../../../Engine/Content/EngineSky/T_Sky_Clouds_M.uasset" 191
"../../../Engine/Content/EngineSky/T_Sky_Stars.uasset" 192
"../../../Engine/Content/EngineSky/M_Sky_Panning_Clouds2.uasset" 193
"../../../Engine/Content/EngineSky/SM_SkySphere.uasset" 194
"../../../Engine/Content/EngineSky/BP_Sky_Sphere.uasset" 195
"../../../../../GeekBrainsUE4/LitvinovMythicHeroes/Content/Download/StarterContent/Textures/T_Brick_Clay_Beveled_D.uasset" 196
"../../../../../GeekBrainsUE4/LitvinovMythicHeroes/Content/Download/StarterContent/Textures/T_Brick_Clay_Beveled_M.uasset" 197
"../../../../../GeekBrainsUE4/LitvinovMythicHeroes/Content/Download/StarterContent/Textures/T_Brick_Clay_Beveled_N.uasset" 198
"../../../../../GeekBrainsUE4/LitvinovMythicHeroes/Content/Download/StarterContent/Materials/M_Brick_Clay_Beveled.uasset" 199
"../../../../../GeekBrainsUE4/LitvinovMythicHeroes/Content/Download/StarterContent/Textures/T_Brick_Clay_Old_D.uasset" 200
"../../../../../GeekBrainsUE4/LitvinovMythicHeroes/Content/Download/StarterContent/Textures/T_Brick_Clay_Old_N.uasset" 201
"../../../../../GeekBrainsUE4/LitvinovMythicHeroes/Content/Download/StarterContent/Materials/M_Brick_Clay_Old.uasset" 202
"../../../../../GeekBrainsUE4/LitvinovMythicHeroes/Content/Download/StarterContent/Textures/T_Brick_Cut_Stone_D.uasset" 203
"../../../../../GeekBrainsUE4/LitvinovMythicHeroes/Content/Download/StarterContent/Textures/T_Brick_Cut_Stone_N.uasset" 204
"../../../../../GeekBrainsUE4/LitvinovMythicHeroes/Content/Download/StarterContent/Materials/M_Brick_Cut_Stone.uasset" 205
"../../../../../GeekBrainsUE4/LitvinovMythicHeroes/Content/Download/StarterContent/Textures/T_Brick_Hewn_Stone_D.uasset" 206
"../../../../../GeekBrainsUE4/LitvinovMythicHeroes/Content/Download/StarterContent/Textures/T_Brick_Hewn_Stone_M.uasset" 207
"../../../../../GeekBrainsUE4/LitvinovMythicHeroes/Content/Download/StarterContent/Textures/T_Brick_Hewn_Stone_N.uasset" 208
"../../../../../GeekBrainsUE4/LitvinovMythicHeroes/Content/Download/StarterContent/Materials/M_Brick_Hewn_Stone.uasset" 209
"../../../Engine/Content/Functions/Engine_MaterialFunctions01/Opacity/AlphaOffset.uasset" 210
"../../../../../GeekBrainsUE4/LitvinovMythicHeroes/Content/Download/StarterContent/Textures/T_Wood_Floor_Walnut_D.uasset" 211
"../../../../../GeekBrainsUE4/LitvinovMythicHeroes/Content/Download/StarterContent/Textures/T_Wood_Floor_Walnut_M.uasset" 212
"../../../../../GeekBrainsUE4/LitvinovMythicHeroes/Content/Download/StarterContent/Textures/T_Wood_Floor_Walnut_N.uasset" 213
"../../../../../GeekBrainsUE4/LitvinovMythicHeroes/Content/Download/StarterContent/Materials/M_Wood_Floor_Walnut_Worn.uasset" 214
"../../../Engine/Content/EngineMaterials/T_Default_Material_Grid_M.uasset" 215
"../../../Engine/Content/EngineMaterials/T_Default_Material_Grid_N.uasset" 216
"../../../Engine/Content/EngineMaterials/DefaultMaterial.uasset" 217
"../../../Engine/Content/BasicShapes/Cone.uasset" 218
"../../../Engine/Content/EngineMaterials/WorldGridMaterial.uasset" 219
"../../../Engine/Content/BasicShapes/Cube.uasset" 220
"../../../Engine/Content/BasicShapes/Cylinder.uasset" 221
"../../../../../GeekBrainsUE4/LitvinovMythicHeroes/Content/Litvinov/GlobalMap/BaseTown.uasset" 222
"../../../../../GeekBrainsUE4/LitvinovMythicHeroes/Content/Litvinov/GlobalMap/AlchemyTown.uasset" 223
"../../../../../GeekBrainsUE4/LitvinovMythicHeroes/Content/Litvinov/Animation/Sprint_Fwd.uasset" 224
"../../../../../GeekBrainsUE4/LitvinovMythicHeroes/Content/Litvinov/Animation/MapPartyAnimBP.uasset" 225
"../../../../../GeekBrainsUE4/LitvinovMythicHeroes/Content/Litvinov/BattleGrid/CellNum.uasset" 226
"../../../../../GeekBrainsUE4/LitvinovMythicHeroes/Content/Litvinov/Main/PlayerDataObject.uasset" 227
"../../../../../GeekBrainsUE4/LitvinovMythicHeroes/Content/Download/StarterContent/Materials/M_Tech_Hex_Tile.uasset" 228
"../../../Engine/Content/Functions/MaterialLayerFunctions/MatLayerBlend_AO.uasset" 229
"../../../../../GeekBrainsUE4/LitvinovMythicHeroes/Content/Download/AnimStarterPack/UE4_Mannequin/Materials/MaterialLayers/T_ML_Rubber_Blue_01_D.uasset" 230
"../../../../../GeekBrainsUE4/LitvinovMythicHeroes/Content/Download/AnimStarterPack/UE4_Mannequin/Materials/MaterialLayers/T_ML_Rubber_Blue_01_N.uasset" 231
"../../../../../GeekBrainsUE4/LitvinovMythicHeroes/Content/Download/AnimStarterPack/UE4_Mannequin/Materials/MaterialLayers/ML_GlossyBlack_Latex_UE4.uasset" 232
"../../../../../GeekBrainsUE4/LitvinovMythicHeroes/Content/Download/AnimStarterPack/UE4_Mannequin/Materials/MaterialLayers/ML_Plastic_Shiny_Beige.uasset" 233
"../../../../../GeekBrainsUE4/LitvinovMythicHeroes/Content/Download/AnimStarterPack/UE4_Mannequin/Textures/UE4_LOGO_CARD.uasset" 234
"../../../../../GeekBrainsUE4/LitvinovMythicHeroes/Content/Download/AnimStarterPack/UE4_Mannequin/Materials/MaterialLayers/ML_Plastic_Shiny_Beige_LOGO.uasset" 235
"../../../../../GeekBrainsUE4/LitvinovMythicHeroes/Content/Download/AnimStarterPack/UE4_Mannequin/Materials/MaterialLayers/T_ML_Aluminum01.uasset" 236
"../../../../../GeekBrainsUE4/LitvinovMythicHeroes/Content/Download/AnimStarterPack/UE4_Mannequin/Materials/MaterialLayers/T_ML_Aluminum01_N.uasset" 237
"../../../../../GeekBrainsUE4/LitvinovMythicHeroes/Content/Download/AnimStarterPack/UE4_Mannequin/Materials/MaterialLayers/ML_SoftMetal_UE4.uasset" 238
"../../../../../GeekBrainsUE4/LitvinovMythicHeroes/Content/Download/AnimStarterPack/UE4_Mannequin/Textures/UE4_Mannequin__normals.uasset" 239
"../../../../../GeekBrainsUE4/LitvinovMythicHeroes/Content/Download/AnimStarterPack/UE4_Mannequin/Textures/UE4_Mannequin_MAT_MASKA.uasset" 240
"../../../../../GeekBrainsUE4/LitvinovMythicHeroes/Content/Download/AnimStarterPack/UE4_Mannequin/Textures/UE4_Mannequin_occlusion_Mobile.uasset" 241
"../../../../../GeekBrainsUE4/LitvinovMythicHeroes/Content/Download/AnimStarterPack/UE4_Mannequin/Materials/M_UE4Man_Body.uasset" 242
"../../../../../GeekBrainsUE4/LitvinovMythicHeroes/Content/Download/AnimStarterPack/UE4_Mannequin/Textures/UE4Man_Logo_N.uasset" 243
"../../../../../GeekBrainsUE4/LitvinovMythicHeroes/Content/Download/AnimStarterPack/UE4_Mannequin/Materials/M_UE4Man_ChestLogo.uasset" 244
"../../../../../GeekBrainsUE4/LitvinovMythicHeroes/Content/Download/AnimStarterPack/UE4_Mannequin/Mesh/SK_Mannequin_PhysicsAsset.uasset" 245
"../../../../../GeekBrainsUE4/LitvinovMythicHeroes/Content/Download/AnimStarterPack/UE4_Mannequin/Mesh/MainMesh.uasset" 246
"../../../../../GeekBrainsUE4/LitvinovMythicHeroes/Content/Litvinov/GlobalMap/BaseMapParty.uasset" 247
"../../../../../GeekBrainsUE4/LitvinovMythicHeroes/Content/Litvinov/UI/UnitIcons/AlchemistIconSmall.uasset" 248
"../../../../../GeekBrainsUE4/LitvinovMythicHeroes/Content/Litvinov/UI/UnitIcons/ArcherIconSmall.uasset" 249
"../../../../../GeekBrainsUE4/LitvinovMythicHeroes/Content/Litvinov/UI/UnitIcons/AxemanIconSmall.uasset" 250
"../../../../../GeekBrainsUE4/LitvinovMythicHeroes/Content/Litvinov/UI/UnitIcons/CyclopeIconSmall.uasset" 251
"../../../../../GeekBrainsUE4/LitvinovMythicHeroes/Content/Litvinov/UI/UnitIcons/GiantIconSmall.uasset" 252
"../../../../../GeekBrainsUE4/LitvinovMythicHeroes/Content/Litvinov/UI/UnitIcons/HammermanIconSmall.uasset" 253
"../../../../../GeekBrainsUE4/LitvinovMythicHeroes/Content/Litvinov/UI/UnitIcons/SpearmanIconSmall.uasset" 254
"../../../../../GeekBrainsUE4/LitvinovMythicHeroes/Content/Litvinov/UI/UnitIcons/SwordsmanIconSmall.uasset" 255
"../../../../../GeekBrainsUE4/LitvinovMythicHeroes/Content/Litvinov/Main/PlayerDataManager.uasset" 256
"../../../../../GeekBrainsUE4/LitvinovMythicHeroes/Content/Download/StarterContent/Textures/T_Metal_Rust_D.uasset" 257
"../../../../../GeekBrainsUE4/LitvinovMythicHeroes/Content/Download/StarterContent/Materials/M_Metal_Rust.uasset" 258
"../../../../../GeekBrainsUE4/LitvinovMythicHeroes/Content/Litvinov/GlobalMap/EnemyMapParty_Giant.uasset" 259
"../../../../../GeekBrainsUE4/LitvinovMythicHeroes/Content/Download/StarterContent/Textures/T_Rock_Slate_D.uasset" 260
"../../../../../GeekBrainsUE4/LitvinovMythicHeroes/Content/Download/StarterContent/Textures/T_Rock_Slate_N.uasset" 261
"../../../../../GeekBrainsUE4/LitvinovMythicHeroes/Content/Download/StarterContent/Materials/M_Rock_Slate.uasset" 262
"../../../../../GeekBrainsUE4/LitvinovMythicHeroes/Content/Litvinov/GlobalMap/EnemyMapParty_Mountain.uasset" 263
"../../../../../GeekBrainsUE4/LitvinovMythicHeroes/Content/Download/StarterContent/Textures/T_Rock_Sandstone_D.uasset" 264
"../../../../../GeekBrainsUE4/LitvinovMythicHeroes/Content/Download/StarterContent/Textures/T_Rock_Sandstone_N.uasset" 265
"../../../../../GeekBrainsUE4/LitvinovMythicHeroes/Content/Download/StarterContent/Materials/M_Rock_Sandstone.uasset" 266
"../../../../../GeekBrainsUE4/LitvinovMythicHeroes/Content/Litvinov/GlobalMap/EnemyMapParty_Sand.uasset" 267
"../../../../../GeekBrainsUE4/LitvinovMythicHeroes/Content/Download/StarterContent/Textures/T_Water_M.uasset" 268
"../../../../../GeekBrainsUE4/LitvinovMythicHeroes/Content/Download/StarterContent/Materials/M_Water_Ocean.uasset" 269
"../../../../../GeekBrainsUE4/LitvinovMythicHeroes/Content/Litvinov/GlobalMap/EnemyMapParty_Snow.uasset" 270
"../../../../../GeekBrainsUE4/LitvinovMythicHeroes/Content/Litvinov/Characters/LairType.uasset" 271
"../../../../../GeekBrainsUE4/LitvinovMythicHeroes/Content/Litvinov/GlobalMap/EnemyPartySpawnPoint.uasset" 272
"../../../Engine/Content/BasicShapes/BasicShapeMaterial.uasset" 273
"../../../Engine/Content/BasicShapes/Sphere.uasset" 274
"../../../../../GeekBrainsUE4/LitvinovMythicHeroes/Content/Litvinov/GlobalMap/BaseTownTrigger.uasset" 275
"../../../../../GeekBrainsUE4/LitvinovMythicHeroes/Content/Litvinov/GlobalMap/MountainTown.uasset" 276
"../../../../../GeekBrainsUE4/LitvinovMythicHeroes/Content/Litvinov/GlobalMap/SandTown.uasset" 277
"../../../../../GeekBrainsUE4/LitvinovMythicHeroes/Content/Litvinov/GlobalMap/SnowTown.uasset" 278
"../../../../../GeekBrainsUE4/LitvinovMythicHeroes/Content/Download/AnimStarterPack/UE4_Mannequin/Mesh/SK_Mannequin.uasset" 279
"../../../../../GeekBrainsUE4/LitvinovMythicHeroes/Content/Litvinov/Main/ResourceNum.uasset" 280
"../../../../../GeekBrainsUE4/LitvinovMythicHeroes/Content/Litvinov/Main/ResourceManager.uasset" 281
"../../../../../GeekBrainsUE4/LitvinovMythicHeroes/Content/Litvinov/UI/Sprites/CloseIcon.uasset" 282
"../../../../../GeekBrainsUE4/LitvinovMythicHeroes/Content/Litvinov/UI/Sprites/FoodIcon.uasset" 283
"../../../../../GeekBrainsUE4/LitvinovMythicHeroes/Content/Litvinov/UI/Sprites/GoldIcon.uasset" 284
"../../../../../GeekBrainsUE4/LitvinovMythicHeroes/Content/Litvinov/UI/Sprites/HireIcon.uasset" 285
"../../../../../GeekBrainsUE4/LitvinovMythicHeroes/Content/Litvinov/UI/Sprites/MarketIcon.uasset" 286
"../../../../../GeekBrainsUE4/LitvinovMythicHeroes/Content/Litvinov/UI/Sprites/MedicineIcon.uasset" 287
"../../../../../GeekBrainsUE4/LitvinovMythicHeroes/Content/Litvinov/UI/Sprites/PlusIcon.uasset" 288
"../../../../../GeekBrainsUE4/LitvinovMythicHeroes/Content/Litvinov/UI/Sprites/RemoveIcon.uasset" 289
"../../../../../GeekBrainsUE4/LitvinovMythicHeroes/Content/Litvinov/UI/Sprites/SwapIcon.uasset" 290
"../../../../../GeekBrainsUE4/LitvinovMythicHeroes/Content/Litvinov/UI/Sprites/TrophyIcon.uasset" 291
"../../../../../GeekBrainsUE4/LitvinovMythicHeroes/Content/Litvinov/UI/GlobalMapWidget.uasset" 292
"../../../../../GeekBrainsUE4/LitvinovMythicHeroes/Content/Litvinov/GlobalMap/PlayerMapParty.uasset" 293
"../../../../../GeekBrainsUE4/LitvinovMythicHeroes/Content/Litvinov/AI/GlobalMapFreeAI.uasset" 294
"../../../../../GeekBrainsUE4/LitvinovMythicHeroes/Content/Litvinov/GlobalMap/EnemyMapParty.uasset" 295
"../../../Engine/Content/MapTemplates/Materials/BasicAsset01.uasset" 296
"../../../../../GeekBrainsUE4/LitvinovMythicHeroes/Content/Litvinov/UI/Sprites/UnitSelection_T.uasset" 297
"../../../../../GeekBrainsUE4/LitvinovMythicHeroes/Content/Litvinov/UI/Targetable_Mat.uasset" 298
"../../../../../GeekBrainsUE4/LitvinovMythicHeroes/Content/Litvinov/GlobalMap/EnemyLair.uasset" 299
"../../../../../GeekBrainsUE4/LitvinovMythicHeroes/Content/Litvinov/GlobalMap/AlchemyTownLair.uasset" 300
"../../../../../GeekBrainsUE4/LitvinovMythicHeroes/Content/Litvinov/GlobalMap/EnemyMapParty_Tutorial.uasset" 301
"../../../../../GeekBrainsUE4/LitvinovMythicHeroes/Content/Litvinov/GlobalMap/GiantLair.uasset" 302
"../../../../../GeekBrainsUE4/LitvinovMythicHeroes/Content/Litvinov/GlobalMap/MountainTownLair.uasset" 303
"../../../../../GeekBrainsUE4/LitvinovMythicHeroes/Content/Litvinov/GlobalMap/Rock.uasset" 304
"../../../../../GeekBrainsUE4/LitvinovMythicHeroes/Content/Litvinov/GlobalMap/SandTownLair.uasset" 305
"../../../../../GeekBrainsUE4/LitvinovMythicHeroes/Content/Litvinov/GlobalMap/SnowTownLair.uasset" 306
"../../../../../GeekBrainsUE4/LitvinovMythicHeroes/Content/Litvinov/Main/BattleCamera.uasset" 307
"../../../../../GeekBrainsUE4/LitvinovMythicHeroes/Content/Litvinov/UI/Sprites/DefendButtonSprite.uasset" 308
"../../../../../GeekBrainsUE4/LitvinovMythicHeroes/Content/Litvinov/UI/Sprites/WaitButtonSprite.uasset" 309
"../../../../../GeekBrainsUE4/LitvinovMythicHeroes/Content/Litvinov/UI/BattleScreenWidget.uasset" 310
"../../../../../GeekBrainsUE4/LitvinovMythicHeroes/Content/Litvinov/UI/UnitWidget.uasset" 311
"../../../../../GeekBrainsUE4/LitvinovMythicHeroes/Content/Litvinov/Main/MainController.uasset" 312
"../../../../../GeekBrainsUE4/LitvinovMythicHeroes/Content/Litvinov/UI/CurrentUnit_Mat.uasset" 313
"../../../../../GeekBrainsUE4/LitvinovMythicHeroes/Content/Litvinov/Characters/BaseCharacter.uasset" 314
"../../../../../GeekBrainsUE4/LitvinovMythicHeroes/Content/Litvinov/Animation/Swordsman/Swordsman_AnimBP.uasset" 315
"../../../../../GeekBrainsUE4/LitvinovMythicHeroes/Content/Litvinov/Animation/Swordsman/Attack_Swordsman.uasset" 316
"../../../../../GeekBrainsUE4/LitvinovMythicHeroes/Content/Litvinov/Animation/Swordsman/Attack_Swordsman_M.uasset" 317
"../../../../../GeekBrainsUE4/LitvinovMythicHeroes/Content/Litvinov/Animation/Swordsman/TakeDamage_Swordsman.uasset" 318
"../../../../../GeekBrainsUE4/LitvinovMythicHeroes/Content/Litvinov/Animation/Swordsman/TakeDamage_Swordsman_M.uasset" 319
"../../../../../GeekBrainsUE4/LitvinovMythicHeroes/Content/Litvinov/Characters/Alchemist/T_Alchemist.uasset" 320
"../../../../../GeekBrainsUE4/LitvinovMythicHeroes/Content/Litvinov/Characters/Alchemist/M_Alchemist.uasset" 321
"../../../../../GeekBrainsUE4/LitvinovMythicHeroes/Content/Litvinov/Characters/Alchemist/Alchemist_SK_PhysicsAsset.uasset" 322
"../../../../../GeekBrainsUE4/LitvinovMythicHeroes/Content/Litvinov/Characters/Alchemist/Alchemist_SK.uasset" 323
"../../../../../GeekBrainsUE4/LitvinovMythicHeroes/Content/Litvinov/Characters/Alchemist/Alchemist.uasset" 324
"../../../../../GeekBrainsUE4/LitvinovMythicHeroes/Content/Litvinov/Animation/Archer/Archer_AnimBP.uasset" 325
"../../../../../GeekBrainsUE4/LitvinovMythicHeroes/Content/Litvinov/Animation/Archer/Primary_Fire_Slow.uasset" 326
"../../../../../GeekBrainsUE4/LitvinovMythicHeroes/Content/Litvinov/Animation/Archer/Attack_Archer_Montage.uasset" 327
"../../../../../GeekBrainsUE4/LitvinovMythicHeroes/Content/Litvinov/Animation/Archer/TakeDamage_Archer.uasset" 328
"../../../../../GeekBrainsUE4/LitvinovMythicHeroes/Content/Litvinov/Animation/Archer/TakeDamage_Archer_Montage.uasset" 329
"../../../../../GeekBrainsUE4/LitvinovMythicHeroes/Content/Download/StarterContent/Textures/T_Wood_Walnut_D.uasset" 330
"../../../../../GeekBrainsUE4/LitvinovMythicHeroes/Content/Download/StarterContent/Textures/T_Wood_Walnut_N.uasset" 331
"../../../../../GeekBrainsUE4/LitvinovMythicHeroes/Content/Download/StarterContent/Materials/M_Wood_Walnut.uasset" 332
"../../../../../GeekBrainsUE4/LitvinovMythicHeroes/Content/Litvinov/Characters/Archer/T_Archer.uasset" 333
"../../../../../GeekBrainsUE4/LitvinovMythicHeroes/Content/Litvinov/Characters/Archer/M_Archer.uasset" 334
"../../../../../GeekBrainsUE4/LitvinovMythicHeroes/Content/Litvinov/Characters/Archer/Archer_SK_PhysicsAsset.uasset" 335
"../../../../../GeekBrainsUE4/LitvinovMythicHeroes/Content/Litvinov/Characters/Archer/Archer_SK.uasset" 336
"../../../../../GeekBrainsUE4/LitvinovMythicHeroes/Content/Litvinov/Characters/Archer/Archer.uasset" 337
"../../../../../GeekBrainsUE4/LitvinovMythicHeroes/Content/Litvinov/Animation/Axeman/Axeman_AnimBP.uasset" 338
"../../../../../GeekBrainsUE4/LitvinovMythicHeroes/Content/Litvinov/Animation/Axeman/AxemanAttack.uasset" 339
"../../../../../GeekBrainsUE4/LitvinovMythicHeroes/Content/Litvinov/Animation/Axeman/AxemanAttack_Montage.uasset" 340
"../../../../../GeekBrainsUE4/LitvinovMythicHeroes/Content/Litvinov/Animation/Axeman/AxemanTakeDamage.uasset" 341
"../../../../../GeekBrainsUE4/LitvinovMythicHeroes/Content/Litvinov/Animation/Axeman/AxemanTakeDamage_Montage.uasset" 342
"../../../../../GeekBrainsUE4/LitvinovMythicHeroes/Content/Litvinov/Characters/BaseMeleeCharacter.uasset" 343
"../../../../../GeekBrainsUE4/LitvinovMythicHeroes/Content/Litvinov/Characters/Axeman/T_Axeman.uasset" 344
"../../../../../GeekBrainsUE4/LitvinovMythicHeroes/Content/Litvinov/Characters/Axeman/M_Axeman.uasset" 345
"../../../../../GeekBrainsUE4/LitvinovMythicHeroes/Content/Litvinov/Characters/Axeman/Axeman_SK_PhysicsAsset.uasset" 346
"../../../../../GeekBrainsUE4/LitvinovMythicHeroes/Content/Litvinov/Characters/Axeman/Axeman_SK.uasset" 347
"../../../../../GeekBrainsUE4/LitvinovMythicHeroes/Content/Download/StarterContent/Textures/T_Metal_Aluminum_D.uasset" 348
"../../../../../GeekBrainsUE4/LitvinovMythicHeroes/Content/Download/StarterContent/Materials/M_Metal_Burnished_Steel.uasset" 349
"../../../../../GeekBrainsUE4/LitvinovMythicHeroes/Content/Litvinov/Weapons/SM_GreatAxe.uasset" 350
"../../../../../GeekBrainsUE4/LitvinovMythicHeroes/Content/Litvinov/Characters/Axeman/Axeman.uasset" 351
"../../../Engine/Content/EngineMeshes/Sphere.uasset" 352
"../../../../../GeekBrainsUE4/LitvinovMythicHeroes/Content/Litvinov/Characters/Cyclope/Cyclope_T.uasset" 353
"../../../../../GeekBrainsUE4/LitvinovMythicHeroes/Content/Litvinov/Characters/Cyclope/Cyclope_M.uasset" 354
"../../../../../GeekBrainsUE4/LitvinovMythicHeroes/Content/Litvinov/Characters/Cyclope/Cyclope_SK_PhysicsAsset.uasset" 355
"../../../../../GeekBrainsUE4/LitvinovMythicHeroes/Content/Litvinov/Characters/Cyclope/Cyclope_SK.uasset" 356
"../../../../../GeekBrainsUE4/LitvinovMythicHeroes/Content/Litvinov/Characters/Cyclope/Cyclope.uasset" 357
"../../../../../GeekBrainsUE4/LitvinovMythicHeroes/Content/Download/StarterContent/Textures/T_Metal_Copper_D.uasset" 358
"../../../../../GeekBrainsUE4/LitvinovMythicHeroes/Content/Download/StarterContent/Materials/M_Metal_Copper.uasset" 359
"../../../../../GeekBrainsUE4/LitvinovMythicHeroes/Content/Litvinov/Characters/Giant/Giant_T.uasset" 360
"../../../../../GeekBrainsUE4/LitvinovMythicHeroes/Content/Litvinov/Characters/Giant/Giant_M.uasset" 361
"../../../../../GeekBrainsUE4/LitvinovMythicHeroes/Content/Litvinov/Characters/Giant/Giant_SK_PhysicsAsset.uasset" 362
"../../../../../GeekBrainsUE4/LitvinovMythicHeroes/Content/Litvinov/Characters/Giant/Giant_SK.uasset" 363
"../../../../../GeekBrainsUE4/LitvinovMythicHeroes/Content/Litvinov/Characters/Giant/Giant.uasset" 364
"../../../../../GeekBrainsUE4/LitvinovMythicHeroes/Content/Litvinov/Characters/Hammerman/T_Hammerman.uasset" 365
"../../../../../GeekBrainsUE4/LitvinovMythicHeroes/Content/Litvinov/Characters/Hammerman/M_Hammerman.uasset" 366
"../../../../../GeekBrainsUE4/LitvinovMythicHeroes/Content/Litvinov/Characters/Hammerman/Hammerman_SK_PhysicsAsset.uasset" 367
"../../../../../GeekBrainsUE4/LitvinovMythicHeroes/Content/Litvinov/Characters/Hammerman/Hammerman_SK.uasset" 368
"../../../../../GeekBrainsUE4/LitvinovMythicHeroes/Content/Download/StarterContent/Textures/T_Metal_Steel_N.uasset" 369
"../../../../../GeekBrainsUE4/LitvinovMythicHeroes/Content/Download/StarterContent/Materials/M_Metal_Steel.uasset" 370
"../../../../../GeekBrainsUE4/LitvinovMythicHeroes/Content/Litvinov/Weapons/SM_Mace.uasset" 371
"../../../../../GeekBrainsUE4/LitvinovMythicHeroes/Content/Download/StarterContent/Materials/M_Wood_Floor_Walnut_Polished.uasset" 372
"../../../../../GeekBrainsUE4/LitvinovMythicHeroes/Content/Litvinov/Weapons/SM_Shield.uasset" 373
"../../../../../GeekBrainsUE4/LitvinovMythicHeroes/Content/Litvinov/Characters/Hammerman/Hammerman.uasset" 374
"../../../../../GeekBrainsUE4/LitvinovMythicHeroes/Content/Litvinov/Animation/Spearman/Spearman_AnimBP.uasset" 375
"../../../../../GeekBrainsUE4/LitvinovMythicHeroes/Content/Litvinov/Animation/Spearman/Attack_Spearman.uasset" 376
"../../../../../GeekBrainsUE4/LitvinovMythicHeroes/Content/Litvinov/Animation/Spearman/Attack_Spearman_Montage.uasset" 377
"../../../../../GeekBrainsUE4/LitvinovMythicHeroes/Content/Litvinov/Animation/Spearman/TakeDamage_Spearman.uasset" 378
"../../../../../GeekBrainsUE4/LitvinovMythicHeroes/Content/Litvinov/Animation/Spearman/TakeDamage_Spearman_Montage.uasset" 379
"../../../../../GeekBrainsUE4/LitvinovMythicHeroes/Content/Litvinov/Characters/Spearman/T_Spearman.uasset" 380
"../../../../../GeekBrainsUE4/LitvinovMythicHeroes/Content/Litvinov/Characters/Spearman/M_Spearman.uasset" 381
"../../../../../GeekBrainsUE4/LitvinovMythicHeroes/Content/Litvinov/Characters/Spearman/Spearman_SK_PhysicsAsset.uasset" 382
"../../../../../GeekBrainsUE4/LitvinovMythicHeroes/Content/Litvinov/Characters/Spearman/Spearman_SK.uasset" 383
"../../../../../GeekBrainsUE4/LitvinovMythicHeroes/Content/Litvinov/Weapons/SM_Spear.uasset" 384
"../../../../../GeekBrainsUE4/LitvinovMythicHeroes/Content/Litvinov/Characters/Spearman/Spearman.uasset" 385
"../../../../../GeekBrainsUE4/LitvinovMythicHeroes/Content/Litvinov/Characters/Swordsman/T_Swordsman.uasset" 386
"../../../../../GeekBrainsUE4/LitvinovMythicHeroes/Content/Litvinov/Characters/Swordsman/M_Swordsman.uasset" 387
"../../../../../GeekBrainsUE4/LitvinovMythicHeroes/Content/Litvinov/Characters/Swordsman/Swordsman_SK_PhysicsAsset.uasset" 388
"../../../../../GeekBrainsUE4/LitvinovMythicHeroes/Content/Litvinov/Characters/Swordsman/Swordsman_SK.uasset" 389
"../../../../../GeekBrainsUE4/LitvinovMythicHeroes/Content/Litvinov/Weapons/SM_Sword.uasset" 390
"../../../../../GeekBrainsUE4/LitvinovMythicHeroes/Content/Litvinov/Characters/Swordsman/Swordsman.uasset" 391
"../../../../../GeekBrainsUE4/LitvinovMythicHeroes/Content/Litvinov/BattleGrid/BattleGridManager.uasset" 392
"../../../../../GeekBrainsUE4/LitvinovMythicHeroes/Content/Litvinov/Main/MainGM.uasset" 393
"../../../../../GeekBrainsUE4/LitvinovMythicHeroes/Content/Litvinov/UI/Sprites/QuestIcon.uasset" 394
"../../../../../GeekBrainsUE4/LitvinovMythicHeroes/Content/Litvinov/UI/Sprites/RenownIcon.uasset" 395
"../../../../../GeekBrainsUE4/LitvinovMythicHeroes/Content/Litvinov/UI/Sprites/StoryQuestIcon.uasset" 396
"../../../Engine/Content/Animation/DefaultAnimCurveCompressionSettings.uasset" 397
"../../../Engine/Content/ArtTools/RenderToTexture/Meshes/S_1_Unit_Plane.uasset" 398
"../../../Engine/Content/BasicShapes/Plane.uasset" 399
"../../../Engine/Content/EditorLandscapeResources/DataLayer.uasset" 400
"../../../Engine/Content/EditorMaterials/MAT_Groups_Toggle.uasset" 401
"../../../Engine/Content/EditorMaterials/MAT_Groups_Visibility.uasset" 402
"../../../Engine/Content/EditorMaterials/PreviewShadowIndicator.uasset" 403
"../../../Engine/Content/EditorMaterials/PreviewShadowIndicatorMaterial.uasset" 404
"../../../Engine/Content/EditorMaterials/MatineeGroups/MAT_ColorTrack.uasset" 405
"../../../Engine/Content/EditorMaterials/MatineeGroups/MAT_Groups_Anim.uasset" 406
"../../../Engine/Content/EditorMaterials/MatineeGroups/MAT_Groups_AudioMaster.uasset" 407
"../../../Engine/Content/EditorMaterials/MatineeGroups/MAT_Groups_Director.uasset" 408
"../../../Engine/Content/EditorMaterials/MatineeGroups/MAT_Groups_Event.uasset" 409
"../../../Engine/Content/EditorMaterials/MatineeGroups/MAT_Groups_Fade.uasset" 410
"../../../Engine/Content/EditorMaterials/MatineeGroups/MAT_Groups_Float.uasset" 411
"../../../Engine/Content/EditorMaterials/MatineeGroups/MAT_Groups_Move.uasset" 412
"../../../Engine/Content/EditorMaterials/MatineeGroups/MAT_Groups_Slomo.uasset" 413
"../../../Engine/Content/EditorMaterials/MatineeGroups/MAT_Groups_Sound.uasset" 414
"../../../Engine/Content/EditorMaterials/MatineeGroups/MAT_Groups_Vector.uasset" 415
"../../../Engine/Content/EditorMaterials/ParticleSystems/PSysThumbnail_NoImage.uasset" 416
"../../../Engine/Content/EditorMaterials/ParticleSystems/PSysThumbnail_OOD.uasset" 417
"../../../Engine/Content/EditorMaterials/Camera/CineMat.uasset" 418
"../../../Engine/Content/EditorMaterials/Camera/MI_CineMat_Rig.uasset" 419
"../../../Engine/Content/EditorMeshes/Camera/SM_CraneRig_Arm.uasset" 420
"../../../Engine/Content/EditorMeshes/Camera/SM_CraneRig_Base.uasset" 421
"../../../Engine/Content/EditorMeshes/Camera/SM_CraneRig_Body.uasset" 422
"../../../Engine/Content/EditorMeshes/Camera/SM_CraneRig_Mount.uasset" 423
"../../../Engine/Content/EditorMeshes/Camera/SM_RailRig_Mount.uasset" 424
"../../../Engine/Content/EditorMeshes/Camera/SM_RailRig_Track.uasset" 425
"../../../Engine/Content/EditorResources/BSPVertex.uasset" 426
"../../../Engine/Content/EditorResources/EmptyActor.uasset" 427
"../../../Engine/Content/EditorResources/S_Actor.uasset" 428
"../../../Engine/Content/EditorResources/S_Note.uasset" 429
"../../../Engine/Content/EditorResources/S_Solver.uasset" 430
"../../../Engine/Content/EditorResources/S_Trigger.uasset" 431
"../../../Engine/Content/EditorResources/LightIcons/S_LightError.uasset" 432
"../../../Engine/Content/EditorResources/SequenceRecorder/Countdown.uasset" 433
"../../../Engine/Content/EditorResources/SequenceRecorder/RecordingIndicator.uasset" 434
"../../../Engine/Content/EditorSounds/Notifications/CompileFailed.uasset" 435
"../../../Engine/Content/EditorSounds/Notifications/CompileFailed_Cue.uasset" 436
"../../../Engine/Content/EditorSounds/Notifications/CompileSuccess.uasset" 437
"../../../Engine/Content/EditorSounds/Notifications/CompileStart_Cue.uasset" 438
"../../../Engine/Content/EditorSounds/Notifications/CompileSuccess_Cue.uasset" 439
"../../../Engine/Content/EngineDamageTypes/DmgTypeBP_Environmental.uasset" 440
"../../../Engine/Content/EngineDebugMaterials/DebugEditorMaterial.uasset" 441
"../../../Engine/Content/EngineDebugMaterials/DebugMeshMaterial.uasset" 442
"../../../Engine/Content/EngineDebugMaterials/M_SimpleUnlitTranslucent.uasset" 443
"../../../Engine/Content/Functions/Engine_MaterialFunctions02/Utility/CameraDirectionVector.uasset" 444
"../../../Engine/Content/EngineDebugMaterials/VolumeToRender.uasset" 445
"../../../Engine/Content/EngineDebugMaterials/M_VolumeRenderSphereTracePP.uasset" 446
"../../../Engine/Content/EngineDebugMaterials/WireframeMaterial.uasset" 447
"../../../Engine/Content/EngineFonts/Faces/DroidSansFallback.uasset" 448
"../../../Engine/Content/EngineFonts/Faces/RobotoBold.uasset" 449
"../../../Engine/Content/EngineFonts/Faces/RobotoBoldItalic.uasset" 450
"../../../Engine/Content/EngineFonts/Faces/RobotoItalic.uasset" 451
"../../../Engine/Content/EngineFonts/Faces/RobotoLight.uasset" 452
"../../../Engine/Content/EngineFonts/Faces/RobotoRegular.uasset" 453
"../../../Engine/Content/EngineFonts/Roboto.uasset" 454
"../../../Engine/Content/EngineMaterials/BaseFlattenDiffuseMap.uasset" 455
"../../../Engine/Content/EngineMaterials/BaseFlattenEmissiveMap.uasset" 456
"../../../Engine/Content/EngineMaterials/BaseFlattenGrayscaleMap.uasset" 457
"../../../Engine/Content/EngineMaterials/BaseFlattenNormalMap.uasset" 458
"../../../Engine/Content/EngineMaterials/BaseFlattenMaterial.uasset" 459
"../../../Engine/Content/EngineMaterials/BlueNoise.uasset" 460
"../../../Engine/Content/EngineMaterials/DefaultBloomKernel.uasset" 461
"../../../Engine/Content/EngineMaterials/DefaultBokeh.uasset" 462
"../../../Engine/Content/EngineMaterials/DefaultDiffuse.uasset" 463
"../../../Engine/Content/EngineMaterials/DefaultDeferredDecalMaterial.uasset" 464
"../../../Engine/Content/EngineMaterials/DefaultLightFunctionMaterial.uasset" 465
"../../../Engine/Content/Functions/Engine_MaterialFunctions02/Utility/BreakOutFloat2Components.uasset" 466
"../../../Engine/Content/EngineMaterials/DefaultPostProcessMaterial.uasset" 467
"../../../Engine/Content/EngineFonts/RobotoDistanceField.uasset" 468
"../../../Engine/Content/EngineMaterials/DefaultTextMaterialOpaque.uasset" 469
"../../../Engine/Content/EngineMaterials/DefaultWhiteGrid.uasset" 470
"../../../Engine/Content/EngineMaterials/DefaultWhiteGrid_Low.uasset" 471
"../../../Engine/Content/EngineMaterials/EmissiveMeshMaterial.uasset" 472
"../../../Engine/Content/EngineMaterials/GizmoMaterial.uasset" 473
"../../../Engine/Content/EngineMaterials/Good64x64TilingNoiseHighFreq.uasset" 474
"../../../Engine/Content/EngineMaterials/MiniFont.uasset" 475
"../../../Engine/Content/EngineMaterials/InvalidLightmapSettings.uasset" 476
"../../../Engine/Content/EngineMaterials/M_InvalidLightmapSettings.uasset" 477
"../../../Engine/Content/Functions/Engine_MaterialFunctions02/WorldPositionOffset/CameraOffset.uasset" 478
"../../../Engine/Content/EngineMaterials/PhAT_JointLimitMaterial.uasset" 479
"../../../Engine/Content/EngineMaterials/PreintegratedSkinBRDF.uasset" 480
"../../../Engine/Content/EngineMaterials/RemoveSurfaceMaterial.uasset" 481
"../../../Engine/Content/EngineResources/WhiteSquareTexture.uasset" 482
"../../../Engine/Content/EngineMaterials/Widget3DPassThrough.uasset" 483
"../../../Engine/Content/EngineMaterials/Widget3DPassThrough_Masked.uasset" 484
"../../../Engine/Content/EngineMaterials/Widget3DPassThrough_Opaque.uasset" 485
"../../../Engine/Content/EngineMaterials/Widget3DPassThrough_Masked_OneSided.uasset" 486
"../../../Engine/Content/EngineMaterials/Widget3DPassThrough_Opaque_OneSided.uasset" 487
"../../../Engine/Content/EngineMaterials/Widget3DPassThrough_Translucent.uasset" 488
"../../../Engine/Content/EngineMaterials/Widget3DPassThrough_Translucent_OneSided.uasset" 489
"../../../Engine/Content/EngineMeshes/Cylinder.uasset" 490
"../../../Engine/Content/EngineResources/Black.uasset" 491
"../../../Engine/Content/EngineResources/DefaultTexture.uasset" 492
"../../../Engine/Content/EngineResources/DefaultTextureCube.uasset" 493
"../../../Engine/Content/EngineResources/DefaultVolumeTexture2D.uasset" 494
"../../../Engine/Content/EngineResources/DefaultVolumeTexture.uasset" 495
"../../../Engine/Content/EngineResources/GradientTexture0.uasset" 496
"../../../Engine/Content/EngineSounds/Master.uasset" 497
"../../../Engine/Content/Functions/Engine_MaterialFunctions01/Shading/ConvertFromDiffSpec.uasset" 498
"../../../Engine/Content/Functions/Engine_MaterialFunctions01/Shading/PowerToRoughness.uasset" 499
"../../../Engine/Content/Maps/Templates/Thumbnails/Default.uasset" 500
"../../../Engine/Content/Maps/Templates/Thumbnails/TimeOfDay.uasset" 501
"../../../Engine/Content/Maps/Templates/Thumbnails/VR-Basic.uasset" 502
"../../../Engine/Content/MobileResources/T_MobileControls_texture.uasset" 503
"../../../Engine/Content/MobileResources/T_MobileMenu2.uasset" 504
"../../../Engine/Content/MobileResources/HUD/AnalogHat.uasset" 505
"../../../Engine/Content/MobileResources/HUD/VirtualJoystick_Background.uasset" 506
"../../../Engine/Content/MobileResources/HUD/VirtualJoystick_Thumb.uasset" 507
"../../../Engine/Content/MobileResources/HUD/DefaultVirtualJoysticks.uasset" 508
"../../../Engine/Content/MobileResources/HUD/LeftVirtualJoystickOnly.uasset" 509
"../../../Engine/Content/MobileResources/HUD/MobileHUDButton1_off.uasset" 510
"../../../Engine/Content/MobileResources/HUD/MobileHUDButton1_on.uasset" 511
"../../../Engine/Content/MobileResources/HUD/MobileHUDButton2_off.uasset" 512
"../../../Engine/Content/MobileResources/HUD/MobileHUDButton2_on.uasset" 513
"../../../Engine/Content/MobileResources/HUD/MobileHUDButton3.uasset" 514
"../../../Engine/Content/MobileResources/HUD/MobileHUDButtonFire.uasset" 515
"../../../Engine/Content/MobileResources/HUD/MobileHUDDirectionPad.uasset" 516
"../../../Engine/Content/MobileResources/HUD/MobileHUDDirectionPad2.uasset" 517
"../../../Engine/Content/MobileResources/HUD/MobileHUDDirectionPad3.uasset" 518
"../../../Engine/Content/MobileResources/HUD/MobileHUDDirectionStick.uasset" 519
"../../../Engine/Content/MobileResources/HUD/T_Castle_ThumbstickInner.uasset" 520
"../../../Engine/Content/MobileResources/HUD/T_Castle_ThumbstickOutter.uasset" 521
"../../../Engine/Content/Tutorial/ContentIntroCurve.uasset" 522
"../../../Engine/Content/Tutorial/Basics/LevelEditorAttract.uasset" 523
"../../../Engine/Content/Tutorial/Basics/TutorialAssets/icon_tab_Levels_40x.uasset" 524
"../../../Engine/Content/Tutorial/Basics/LevelEditorOverview.uasset" 525
"../../../Engine/Content/VREditor/LaserPointer/VR_LaserPower_01.uasset" 526
"../../../Engine/Content/VREditor/TransformGizmo/TransformGizmoMaterial.uasset" 527
"../../../Engine/Content/VREditor/TransformGizmo/TranslucentTransformGizmoMaterial.uasset" 528
"../../../Engine/Content/VREditor/TransformGizmo/BoundingBoxCorner.uasset" 529
"../../../Engine/Content/VREditor/TransformGizmo/BoundingBoxEdge.uasset" 530
"../../../Engine/Content/VREditor/TransformGizmo/PlaneTranslationHandle.uasset" 531
"../../../Engine/Content/VREditor/TransformGizmo/Main.uasset" 532
"../../../Engine/Content/VREditor/TransformGizmo/Xray.uasset" 533
"../../../Engine/Content/VREditor/TransformGizmo/SM_Sequencer_Key.uasset" 534
"../../../Engine/Content/VREditor/TransformGizmo/SM_Sequencer_Node.uasset" 535
"../../Plugins/2D/Paper2D/Content/PlaceholderTextures/DummySpriteTexture.uasset" 536
"../../Plugins/2D/Paper2D/Content/DummySprite.uasset" 537
"../../Plugins/2D/Paper2D/Content/DefaultPaperTerrainMaterial.uasset" 538
"../../Plugins/2D/Paper2D/Content/DefaultSpriteMaterial.uasset" 539
"../../Plugins/2D/Paper2D/Content/MaskedUnlitSpriteMaterial.uasset" 540
"../../Plugins/2D/Paper2D/Content/OpaqueUnlitSpriteMaterial.uasset" 541
"../../Plugins/FX/Niagara/Content/Enums/ENiagaraBooleanLogicOps.uasset" 542
"../../Plugins/FX/Niagara/Content/Enums/ENiagaraCoordinateSpace.uasset" 543
"../../Plugins/FX/Niagara/Content/Enums/ENiagaraExpansionMode.uasset" 544
"../../Plugins/FX/Niagara/Content/Enums/ENiagaraOrientationAxis.uasset" 545
"../../Plugins/FX/Niagara/Content/Enums/ENiagaraRandomnessMode.uasset" 546
"../../../Engine/Content/Functions/Engine_MaterialFunctions02/Utility/BreakOutFloat4Components.uasset" 547
"../../../Engine/Content/Functions/Engine_MaterialFunctions02/Utility/MakeFloat2.uasset" 548
"../../../Engine/Content/Functions/Engine_MaterialFunctions02/Utility/MakeFloat3.uasset" 549
"../../Plugins/Runtime/Oculus/OculusVR/Content/Materials/OculusMR_ChromaKey.uasset" 550
"../../Plugins/Runtime/Oculus/OculusVR/Content/Materials/OculusMR_ChromaKey_Lit.uasset" 551
"../../Plugins/Runtime/Oculus/OculusVR/Content/Materials/OculusMR_OpaqueColoredMaterial.uasset" 552
"../../Plugins/Runtime/Oculus/OculusVR/Content/Materials/OculusMR_WhiteMaterial.uasset" 553
"../../../../../GeekBrainsUE4/LitvinovMythicHeroes/Content/Download/AnimStarterPack/Crouch_Idle_Rifle_Hip.uasset" 554
"../../../../../GeekBrainsUE4/LitvinovMythicHeroes/Content/Download/AnimStarterPack/Crouch_Idle_Rifle_Ironsights.uasset" 555
"../../../../../GeekBrainsUE4/LitvinovMythicHeroes/Content/Download/AnimStarterPack/Crouch_Walk_Fwd_Rifle_Ironsights.uasset" 556
"../../../../../GeekBrainsUE4/LitvinovMythicHeroes/Content/Download/AnimStarterPack/Equip_Pistol_Standing.uasset" 557
"../../../../../GeekBrainsUE4/LitvinovMythicHeroes/Content/Download/AnimStarterPack/Fire_Rifle_Ironsights.uasset" 558
"../../../../../GeekBrainsUE4/LitvinovMythicHeroes/Content/Download/AnimStarterPack/Hit_React_1.uasset" 559
"../../../../../GeekBrainsUE4/LitvinovMythicHeroes/Content/Download/AnimStarterPack/Hit_React_2.uasset" 560
"../../../../../GeekBrainsUE4/LitvinovMythicHeroes/Content/Download/AnimStarterPack/Hit_React_3.uasset" 561
"../../../../../GeekBrainsUE4/LitvinovMythicHeroes/Content/Download/AnimStarterPack/Idle_Rifle_Hip_Break1.uasset" 562
"../../../../../GeekBrainsUE4/LitvinovMythicHeroes/Content/Download/AnimStarterPack/Idle_Rifle_Hip_Break2.uasset" 563
"../../../../../GeekBrainsUE4/LitvinovMythicHeroes/Content/Download/AnimStarterPack/Reload_Rifle_Hip.uasset" 564
"../../../../../GeekBrainsUE4/LitvinovMythicHeroes/Content/Download/AnimStarterPack/Walk_Fwd_Rifle_Ironsights.uasset" 565
"../../../Engine/Content/TemplateResources/M_Template_Master.uasset" 566
"../../../Engine/Content/TemplateResources/MI_Template_BaseGray_03_Metal.uasset" 567
"../../../../../GeekBrainsUE4/LitvinovMythicHeroes/Content/Download/AnimStarterPack/Showcase.umap" 568
"../../../../../GeekBrainsUE4/LitvinovMythicHeroes/Content/Litvinov/GlobalMap/TownRuins.uasset" 569
"../../../../../GeekBrainsUE4/LitvinovMythicHeroes/Content/Litvinov/Level/TestLevel_sharedassets/Grass_LayerInfo.uasset" 570
"../../../../../GeekBrainsUE4/LitvinovMythicHeroes/Content/Litvinov/Level/TestLevel_sharedassets/Mountain_LayerInfo.uasset" 571
"../../../../../GeekBrainsUE4/LitvinovMythicHeroes/Content/Litvinov/Level/TestLevel_sharedassets/Road_LayerInfo.uasset" 572
"../../../../../GeekBrainsUE4/LitvinovMythicHeroes/Content/Litvinov/Level/TestLevel_sharedassets/Sand_LayerInfo.uasset" 573
"../../../../../GeekBrainsUE4/LitvinovMythicHeroes/Content/Litvinov/Level/TestLevel_sharedassets/Snow_LayerInfo.uasset" 574
"../../../../../GeekBrainsUE4/LitvinovMythicHeroes/Content/Litvinov/Level/TestLevel_BuiltData.uasset" 575
"../../../../../GeekBrainsUE4/LitvinovMythicHeroes/Content/Download/StarterContent/Textures/T_Ground_Grass_D.uasset" 576
"../../../../../GeekBrainsUE4/LitvinovMythicHeroes/Content/Download/StarterContent/Textures/T_Ground_Grass_N.uasset" 577
"../../../../../GeekBrainsUE4/LitvinovMythicHeroes/Content/Download/StarterContent/Materials/M_Ground_Grass.uasset" 578
"../../../Engine/Content/EngineMaterials/WeightMapPlaceholderTexture.uasset" 579
"../../../../../GeekBrainsUE4/LitvinovMythicHeroes/Content/Litvinov/Level/LandscapeMaster.uasset" 580
"../../../Engine/Content/EngineMaterials/DefaultPhysicalMaterial.uasset" 581
"../../../Engine/Content/MapTemplates/SM_Template_Map_Floor.uasset" 582
"../../../../../GeekBrainsUE4/LitvinovMythicHeroes/Content/Litvinov/Level/TestLevel.umap" 583
"../../../Engine/Content/Maps/Entry_BuiltData.uasset" 584
"../../../Engine/Content/Maps/Entry.umap" 585
